<?xml version="1.0" encoding="UTF-8"?>
<!-- Generated by org.testng.reporters.JUnitReportReporter -->
<testsuite skipped="0" hostname="6CBKYX1" name="sel.trn.pyd.AnnotaDemo" tests="1" failures="0" timestamp="01 Sep 2017 09:39:30 GMT" time="0.016" errors="0">
  <testcase name="fun" time="0.016" classname="sel.trn.pyd.AnnotaDemo"/>
</testsuite> <!-- sel.trn.pyd.AnnotaDemo -->
