<?xml version="1.0" encoding="UTF-8"?>
<!-- Generated by org.testng.reporters.JUnitReportReporter -->
<testsuite skipped="0" hostname="6CBKYX1" name="sel.trn.pyd.PyramidCoreFrame" tests="9" failures="0" timestamp="06 Sep 2017 07:06:50 GMT" time="355.444" errors="0">
  <testcase name="orgcapa" time="42.014" classname="sel.trn.pyd.PyramidCoreFrame"/>
  <testcase name="feedback" time="43.761" classname="sel.trn.pyd.PyramidCoreFrame"/>
  <testcase name="topframe" time="36.548" classname="sel.trn.pyd.PyramidCoreFrame"/>
  <testcase name="timesheet" time="35.909" classname="sel.trn.pyd.PyramidCoreFrame"/>
  <testcase name="referral" time="34.662" classname="sel.trn.pyd.PyramidCoreFrame"/>
  <testcase name="travel" time="38.052" classname="sel.trn.pyd.PyramidCoreFrame"/>
  <testcase name="masterproject" time="49.381" classname="sel.trn.pyd.PyramidCoreFrame"/>
  <testcase name="leftframe" time="38.576" classname="sel.trn.pyd.PyramidCoreFrame"/>
  <testcase name="mainframe" time="36.541" classname="sel.trn.pyd.PyramidCoreFrame"/>
</testsuite> <!-- sel.trn.pyd.PyramidCoreFrame -->
