<?xml version="1.0" encoding="UTF-8"?>
<!-- Generated by org.testng.reporters.JUnitReportReporter -->
<testsuite skipped="0" hostname="6CBKYX1" name="sel.trn.pyd.AnnotationAssignment" tests="2" failures="0" timestamp="04 Sep 2017 12:55:39 GMT" time="71.003" errors="0">
  <testcase name="timesheet" time="34.247" classname="sel.trn.pyd.AnnotationAssignment"/>
  <testcase name="referral" time="36.756" classname="sel.trn.pyd.AnnotationAssignment"/>
</testsuite> <!-- sel.trn.pyd.AnnotationAssignment -->
